{"name": "test_today_done_counter_increases[firefox]", "status": "broken", "statusDetails": {"message": "selenium.common.exceptions.TimeoutException: Message: Номер заказа не обновился", "trace": "self = <test_order_feed.TestOrderFeed object at 0x1076983b0>, driver = <selenium.webdriver.firefox.webdriver.WebDriver (session=\"b121f015-ecce-4ed3-8f7d-2202c5bdec9d\")>\nlogin_user = {'email': 'test_f8a0dd12-cbc8-4487-be88-cae0b2e168ce@yandex.ru', 'name': 'Test User', 'password': '123456'}\nrequest = <FixtureRequest for <Function test_today_done_counter_increases[firefox]>>, open_page = <function open_page.<locals>._open at 0x107a69b20>\n\n    @allure.description(\"Проверка увеличения счётчика заказов, выполненных сегодня\")\n    def test_today_done_counter_increases(self, driver, login_user, request, open_page):\n        feed_page = open_page(FeedPage)\n        before = feed_page.get_today_done()\n>       request.getfixturevalue(\"create_order\")\n\ntests/test_order_feed.py:33: \n_ _ _ _ _ _ _ _ _ _ _ _ _ _ _ _ _ _ _ _ _ _ _ _ _ _ _ _ _ _ _ _ _ _ _ _ _ _ _ _ _ _ _ _ _ _ _ _ _ _ _ _ _ _ _ _ _ _ _ _ _ _ _ _ _ _ _ _ _ _ _ _ _ _ _ _ _ _ _ _ _ _ _ _ _ _ _ _ _ _ _\n/Library/Frameworks/Python.framework/Versions/3.12/lib/python3.12/site-packages/_pytest/fixtures.py:532: in getfixturevalue\n    fixturedef = self._get_active_fixturedef(argname)\n/Library/Frameworks/Python.framework/Versions/3.12/lib/python3.12/site-packages/_pytest/fixtures.py:617: in _get_active_fixturedef\n    fixturedef.execute(request=subrequest)\n/Library/Frameworks/Python.framework/Versions/3.12/lib/python3.12/site-packages/_pytest/fixtures.py:1091: in execute\n    result = ihook.pytest_fixture_setup(fixturedef=self, request=request)\n/Library/Frameworks/Python.framework/Versions/3.12/lib/python3.12/site-packages/pluggy/_hooks.py:513: in __call__\n    return self._hookexec(self.name, self._hookimpls.copy(), kwargs, firstresult)\n/Library/Frameworks/Python.framework/Versions/3.12/lib/python3.12/site-packages/pluggy/_manager.py:120: in _hookexec\n    return self._inner_hookexec(hook_name, methods, kwargs, firstresult)\n/Library/Frameworks/Python.framework/Versions/3.12/lib/python3.12/site-packages/_pytest/setuponly.py:36: in pytest_fixture_setup\n    return (yield)\n/Library/Frameworks/Python.framework/Versions/3.12/lib/python3.12/site-packages/_pytest/fixtures.py:1140: in pytest_fixture_setup\n    result = call_fixture_func(fixturefunc, request, kwargs)\n/Library/Frameworks/Python.framework/Versions/3.12/lib/python3.12/site-packages/_pytest/fixtures.py:898: in call_fixture_func\n    fixture_result = fixturefunc(**kwargs)\ntests/conftest.py:68: in create_order\n    WebDriverWait(driver, timeout=10).until(\n_ _ _ _ _ _ _ _ _ _ _ _ _ _ _ _ _ _ _ _ _ _ _ _ _ _ _ _ _ _ _ _ _ _ _ _ _ _ _ _ _ _ _ _ _ _ _ _ _ _ _ _ _ _ _ _ _ _ _ _ _ _ _ _ _ _ _ _ _ _ _ _ _ _ _ _ _ _ _ _ _ _ _ _ _ _ _ _ _ _ _\n\nself = <selenium.webdriver.support.wait.WebDriverWait (session=\"b121f015-ecce-4ed3-8f7d-2202c5bdec9d\")>, method = <function create_order.<locals>.<lambda> at 0x107a17420>\nmessage = 'Номер заказа не обновился'\n\n    def until(self, method: Callable[[D], Union[Literal[False], T]], message: str = \"\") -> T:\n        \"\"\"Wait until the method returns a value that is not False.\n    \n        Calls the method provided with the driver as an argument until the\n        return value does not evaluate to ``False``.\n    \n        Parameters:\n        -----------\n        method: callable(WebDriver)\n            - A callable object that takes a WebDriver instance as an argument.\n    \n        message: str\n            - Optional message for :exc:`TimeoutException`\n    \n        Return:\n        -------\n        object: T\n            - The result of the last call to `method`\n    \n        Raises:\n        -------\n        TimeoutException\n            - If 'method' does not return a truthy value within the WebDriverWait\n            object's timeout\n    \n        Example:\n        --------\n        >>> from selenium.webdriver.common.by import By\n        >>> from selenium.webdriver.support.ui import WebDriverWait\n        >>> from selenium.webdriver.support import expected_conditions as EC\n    \n        # Wait until an element is visible on the page\n        >>> wait = WebDriverWait(driver, 10)\n        >>> element = wait.until(EC.visibility_of_element_located((By.ID, \"exampleId\")))\n        >>> print(element.text)\n        \"\"\"\n        screen = None\n        stacktrace = None\n    \n        end_time = time.monotonic() + self._timeout\n        while True:\n            try:\n                value = method(self._driver)\n                if value:\n                    return value\n            except self._ignored_exceptions as exc:\n                screen = getattr(exc, \"screen\", None)\n                stacktrace = getattr(exc, \"stacktrace\", None)\n            if time.monotonic() > end_time:\n                break\n            time.sleep(self._poll)\n>       raise TimeoutException(message, screen, stacktrace)\nE       selenium.common.exceptions.TimeoutException: Message: Номер заказа не обновился\n\n/Library/Frameworks/Python.framework/Versions/3.12/lib/python3.12/site-packages/selenium/webdriver/support/wait.py:146: TimeoutException"}, "description": "Проверка увеличения счётчика заказов, выполненных сегодня", "steps": [{"name": "Открытие страницы: https://stellarburgers.nomoreparties.site/feed", "status": "passed", "steps": [{"name": "Проверить, что страница открыта по URL: https://stellarburgers.nomoreparties.site/feed", "status": "passed", "start": 1746893563557, "stop": 1746893563558}], "start": 1746893562738, "stop": 1746893563558}, {"name": "Получение количества заказов, выполненных сегодня", "status": "passed", "steps": [{"name": "Получение текста элемента: ('xpath', '//p[text()=\"Выполнено за сегодня:\"]/following-sibling::p')", "status": "passed", "steps": [{"name": "Ожидание видимости элемента: ('xpath', '//p[text()=\"Выполнено за сегодня:\"]/following-sibling::p')", "status": "passed", "start": 1746893563558, "stop": 1746893565602}], "start": 1746893563558, "stop": 1746893565607}], "start": 1746893563558, "stop": 1746893565607}], "parameters": [{"name": "driver", "value": "'firefox'"}], "start": 1746893562738, "stop": 1746893577874, "uuid": "8f96808b-a8bb-4882-a249-003df10a4915", "historyId": "577d69b04a8bf9087704f1e4d80d4a5f", "testCaseId": "e8a93894e413c8d5e0dfc633ecfad3cd", "fullName": "tests.test_order_feed.TestOrderFeed#test_today_done_counter_increases", "labels": [{"name": "feature", "value": "Лента заказов"}, {"name": "parentSuite", "value": "tests"}, {"name": "suite", "value": "test_order_feed"}, {"name": "subSuite", "value": "TestOrderFeed"}, {"name": "host", "value": "MacBook-Pro-George.local"}, {"name": "thread", "value": "50560-MainThread"}, {"name": "framework", "value": "pytest"}, {"name": "language", "value": "cpython3"}, {"name": "package", "value": "tests.test_order_feed"}]}