{"name": "test_ingredient_counter_increment[firefox]", "status": "failed", "statusDetails": {"message": "AssertionError: assert False\n +  where False = is_ingredient_counter_incremented()\n +    where is_ingredient_counter_incremented = <pages.main_page.MainPage object at 0x104766e50>.is_ingredient_counter_incremented", "trace": "self = <test_main_page.TestMainPage object at 0x1046966a0>, driver = <selenium.webdriver.firefox.webdriver.WebDriver (session=\"c13a9c80-cb27-40ed-807e-de7e662dff6f\")>\n\n    def test_ingredient_counter_increment(self, driver):\n        main_page = MainPage(driver)\n        main_page.add_ingredient_to_burger()\n>       assert main_page.is_ingredient_counter_incremented()\nE       assert False\nE        +  where False = is_ingredient_counter_incremented()\nE        +    where is_ingredient_counter_incremented = <pages.main_page.MainPage object at 0x104766e50>.is_ingredient_counter_incremented\n\ntests/test_main_page.py:29: AssertionError"}, "parameters": [{"name": "driver", "value": "'firefox'"}], "start": 1745184117972, "stop": 1745184118544, "uuid": "13797fc1-401c-4f2e-a6ea-0577812d192f", "historyId": "d80776d4de9dc686523a7e4f21900b32", "testCaseId": "c391763b6e54bffcbcb1693de700cabd", "fullName": "tests.test_main_page.TestMainPage#test_ingredient_counter_increment", "labels": [{"name": "parentSuite", "value": "tests"}, {"name": "suite", "value": "test_main_page"}, {"name": "subSuite", "value": "TestMainPage"}, {"name": "host", "value": "MacBook-Pro-Ulianna.local"}, {"name": "thread", "value": "42853-MainThread"}, {"name": "framework", "value": "pytest"}, {"name": "language", "value": "cpython3"}, {"name": "package", "value": "tests.test_main_page"}]}