{"uid":"105b2ed39b43a99a","name":"test_today_done_counter_increases[firefox]","fullName":"tests.test_order_feed.TestOrderFeed#test_today_done_counter_increases","historyId":"577d69b04a8bf9087704f1e4d80d4a5f","time":{"start":1746893562738,"stop":1746893577874,"duration":15136},"description":"Проверка увеличения счётчика заказов, выполненных сегодня","descriptionHtml":"<p>Проверка увеличения счётчика заказов, выполненных сегодня</p>\n","status":"broken","statusMessage":"selenium.common.exceptions.TimeoutException: Message: Номер заказа не обновился","statusTrace":"self = <test_order_feed.TestOrderFeed object at 0x1076983b0>, driver = <selenium.webdriver.firefox.webdriver.WebDriver (session=\"b121f015-ecce-4ed3-8f7d-2202c5bdec9d\")>\nlogin_user = {'email': 'test_f8a0dd12-cbc8-4487-be88-cae0b2e168ce@yandex.ru', 'name': 'Test User', 'password': '123456'}\nrequest = <FixtureRequest for <Function test_today_done_counter_increases[firefox]>>, open_page = <function open_page.<locals>._open at 0x107a69b20>\n\n    @allure.description(\"Проверка увеличения счётчика заказов, выполненных сегодня\")\n    def test_today_done_counter_increases(self, driver, login_user, request, open_page):\n        feed_page = open_page(FeedPage)\n        before = feed_page.get_today_done()\n>       request.getfixturevalue(\"create_order\")\n\ntests/test_order_feed.py:33: \n_ _ _ _ _ _ _ _ _ _ _ _ _ _ _ _ _ _ _ _ _ _ _ _ _ _ _ _ _ _ _ _ _ _ _ _ _ _ _ _ _ _ _ _ _ _ _ _ _ _ _ _ _ _ _ _ _ _ _ _ _ _ _ _ _ _ _ _ _ _ _ _ _ _ _ _ _ _ _ _ _ _ _ _ _ _ _ _ _ _ _\n/Library/Frameworks/Python.framework/Versions/3.12/lib/python3.12/site-packages/_pytest/fixtures.py:532: in getfixturevalue\n    fixturedef = self._get_active_fixturedef(argname)\n/Library/Frameworks/Python.framework/Versions/3.12/lib/python3.12/site-packages/_pytest/fixtures.py:617: in _get_active_fixturedef\n    fixturedef.execute(request=subrequest)\n/Library/Frameworks/Python.framework/Versions/3.12/lib/python3.12/site-packages/_pytest/fixtures.py:1091: in execute\n    result = ihook.pytest_fixture_setup(fixturedef=self, request=request)\n/Library/Frameworks/Python.framework/Versions/3.12/lib/python3.12/site-packages/pluggy/_hooks.py:513: in __call__\n    return self._hookexec(self.name, self._hookimpls.copy(), kwargs, firstresult)\n/Library/Frameworks/Python.framework/Versions/3.12/lib/python3.12/site-packages/pluggy/_manager.py:120: in _hookexec\n    return self._inner_hookexec(hook_name, methods, kwargs, firstresult)\n/Library/Frameworks/Python.framework/Versions/3.12/lib/python3.12/site-packages/_pytest/setuponly.py:36: in pytest_fixture_setup\n    return (yield)\n/Library/Frameworks/Python.framework/Versions/3.12/lib/python3.12/site-packages/_pytest/fixtures.py:1140: in pytest_fixture_setup\n    result = call_fixture_func(fixturefunc, request, kwargs)\n/Library/Frameworks/Python.framework/Versions/3.12/lib/python3.12/site-packages/_pytest/fixtures.py:898: in call_fixture_func\n    fixture_result = fixturefunc(**kwargs)\ntests/conftest.py:68: in create_order\n    WebDriverWait(driver, timeout=10).until(\n_ _ _ _ _ _ _ _ _ _ _ _ _ _ _ _ _ _ _ _ _ _ _ _ _ _ _ _ _ _ _ _ _ _ _ _ _ _ _ _ _ _ _ _ _ _ _ _ _ _ _ _ _ _ _ _ _ _ _ _ _ _ _ _ _ _ _ _ _ _ _ _ _ _ _ _ _ _ _ _ _ _ _ _ _ _ _ _ _ _ _\n\nself = <selenium.webdriver.support.wait.WebDriverWait (session=\"b121f015-ecce-4ed3-8f7d-2202c5bdec9d\")>, method = <function create_order.<locals>.<lambda> at 0x107a17420>\nmessage = 'Номер заказа не обновился'\n\n    def until(self, method: Callable[[D], Union[Literal[False], T]], message: str = \"\") -> T:\n        \"\"\"Wait until the method returns a value that is not False.\n    \n        Calls the method provided with the driver as an argument until the\n        return value does not evaluate to ``False``.\n    \n        Parameters:\n        -----------\n        method: callable(WebDriver)\n            - A callable object that takes a WebDriver instance as an argument.\n    \n        message: str\n            - Optional message for :exc:`TimeoutException`\n    \n        Return:\n        -------\n        object: T\n            - The result of the last call to `method`\n    \n        Raises:\n        -------\n        TimeoutException\n            - If 'method' does not return a truthy value within the WebDriverWait\n            object's timeout\n    \n        Example:\n        --------\n        >>> from selenium.webdriver.common.by import By\n        >>> from selenium.webdriver.support.ui import WebDriverWait\n        >>> from selenium.webdriver.support import expected_conditions as EC\n    \n        # Wait until an element is visible on the page\n        >>> wait = WebDriverWait(driver, 10)\n        >>> element = wait.until(EC.visibility_of_element_located((By.ID, \"exampleId\")))\n        >>> print(element.text)\n        \"\"\"\n        screen = None\n        stacktrace = None\n    \n        end_time = time.monotonic() + self._timeout\n        while True:\n            try:\n                value = method(self._driver)\n                if value:\n                    return value\n            except self._ignored_exceptions as exc:\n                screen = getattr(exc, \"screen\", None)\n                stacktrace = getattr(exc, \"stacktrace\", None)\n            if time.monotonic() > end_time:\n                break\n            time.sleep(self._poll)\n>       raise TimeoutException(message, screen, stacktrace)\nE       selenium.common.exceptions.TimeoutException: Message: Номер заказа не обновился\n\n/Library/Frameworks/Python.framework/Versions/3.12/lib/python3.12/site-packages/selenium/webdriver/support/wait.py:146: TimeoutException","flaky":false,"newFailed":false,"newBroken":false,"newPassed":false,"retriesCount":0,"retriesStatusChange":false,"beforeStages":[{"name":"_session_faker","time":{"start":1746893295034,"stop":1746893295062,"duration":28},"status":"passed","steps":[],"attachments":[],"parameters":[],"stepsCount":0,"hasContent":false,"shouldDisplayMessage":false,"attachmentsCount":0,"attachmentStep":false},{"name":"driver","time":{"start":1746893554109,"stop":1746893555711,"duration":1602},"status":"passed","steps":[{"name":"Выбор браузера: firefox","time":{"start":1746893554109,"stop":1746893555711,"duration":1602},"status":"passed","steps":[],"attachments":[],"parameters":[],"stepsCount":0,"hasContent":false,"shouldDisplayMessage":false,"attachmentsCount":0,"attachmentStep":false}],"attachments":[],"parameters":[],"stepsCount":1,"hasContent":true,"shouldDisplayMessage":false,"attachmentsCount":0,"attachmentStep":false},{"name":"login_user","time":{"start":1746893555712,"stop":1746893562737,"duration":7025},"status":"passed","steps":[{"name":"Логин под тестовым пользователем","time":{"start":1746893556335,"stop":1746893562737,"duration":6402},"status":"passed","steps":[],"attachments":[],"parameters":[],"stepsCount":0,"hasContent":false,"shouldDisplayMessage":false,"attachmentsCount":0,"attachmentStep":false}],"attachments":[],"parameters":[],"stepsCount":1,"hasContent":true,"shouldDisplayMessage":false,"attachmentsCount":0,"attachmentStep":false},{"name":"open_page","time":{"start":1746893562737,"stop":1746893562737,"duration":0},"status":"passed","steps":[],"attachments":[],"parameters":[],"stepsCount":0,"hasContent":false,"shouldDisplayMessage":false,"attachmentsCount":0,"attachmentStep":false}],"testStage":{"description":"Проверка увеличения счётчика заказов, выполненных сегодня","status":"broken","statusMessage":"selenium.common.exceptions.TimeoutException: Message: Номер заказа не обновился","statusTrace":"self = <test_order_feed.TestOrderFeed object at 0x1076983b0>, driver = <selenium.webdriver.firefox.webdriver.WebDriver (session=\"b121f015-ecce-4ed3-8f7d-2202c5bdec9d\")>\nlogin_user = {'email': 'test_f8a0dd12-cbc8-4487-be88-cae0b2e168ce@yandex.ru', 'name': 'Test User', 'password': '123456'}\nrequest = <FixtureRequest for <Function test_today_done_counter_increases[firefox]>>, open_page = <function open_page.<locals>._open at 0x107a69b20>\n\n    @allure.description(\"Проверка увеличения счётчика заказов, выполненных сегодня\")\n    def test_today_done_counter_increases(self, driver, login_user, request, open_page):\n        feed_page = open_page(FeedPage)\n        before = feed_page.get_today_done()\n>       request.getfixturevalue(\"create_order\")\n\ntests/test_order_feed.py:33: \n_ _ _ _ _ _ _ _ _ _ _ _ _ _ _ _ _ _ _ _ _ _ _ _ _ _ _ _ _ _ _ _ _ _ _ _ _ _ _ _ _ _ _ _ _ _ _ _ _ _ _ _ _ _ _ _ _ _ _ _ _ _ _ _ _ _ _ _ _ _ _ _ _ _ _ _ _ _ _ _ _ _ _ _ _ _ _ _ _ _ _\n/Library/Frameworks/Python.framework/Versions/3.12/lib/python3.12/site-packages/_pytest/fixtures.py:532: in getfixturevalue\n    fixturedef = self._get_active_fixturedef(argname)\n/Library/Frameworks/Python.framework/Versions/3.12/lib/python3.12/site-packages/_pytest/fixtures.py:617: in _get_active_fixturedef\n    fixturedef.execute(request=subrequest)\n/Library/Frameworks/Python.framework/Versions/3.12/lib/python3.12/site-packages/_pytest/fixtures.py:1091: in execute\n    result = ihook.pytest_fixture_setup(fixturedef=self, request=request)\n/Library/Frameworks/Python.framework/Versions/3.12/lib/python3.12/site-packages/pluggy/_hooks.py:513: in __call__\n    return self._hookexec(self.name, self._hookimpls.copy(), kwargs, firstresult)\n/Library/Frameworks/Python.framework/Versions/3.12/lib/python3.12/site-packages/pluggy/_manager.py:120: in _hookexec\n    return self._inner_hookexec(hook_name, methods, kwargs, firstresult)\n/Library/Frameworks/Python.framework/Versions/3.12/lib/python3.12/site-packages/_pytest/setuponly.py:36: in pytest_fixture_setup\n    return (yield)\n/Library/Frameworks/Python.framework/Versions/3.12/lib/python3.12/site-packages/_pytest/fixtures.py:1140: in pytest_fixture_setup\n    result = call_fixture_func(fixturefunc, request, kwargs)\n/Library/Frameworks/Python.framework/Versions/3.12/lib/python3.12/site-packages/_pytest/fixtures.py:898: in call_fixture_func\n    fixture_result = fixturefunc(**kwargs)\ntests/conftest.py:68: in create_order\n    WebDriverWait(driver, timeout=10).until(\n_ _ _ _ _ _ _ _ _ _ _ _ _ _ _ _ _ _ _ _ _ _ _ _ _ _ _ _ _ _ _ _ _ _ _ _ _ _ _ _ _ _ _ _ _ _ _ _ _ _ _ _ _ _ _ _ _ _ _ _ _ _ _ _ _ _ _ _ _ _ _ _ _ _ _ _ _ _ _ _ _ _ _ _ _ _ _ _ _ _ _\n\nself = <selenium.webdriver.support.wait.WebDriverWait (session=\"b121f015-ecce-4ed3-8f7d-2202c5bdec9d\")>, method = <function create_order.<locals>.<lambda> at 0x107a17420>\nmessage = 'Номер заказа не обновился'\n\n    def until(self, method: Callable[[D], Union[Literal[False], T]], message: str = \"\") -> T:\n        \"\"\"Wait until the method returns a value that is not False.\n    \n        Calls the method provided with the driver as an argument until the\n        return value does not evaluate to ``False``.\n    \n        Parameters:\n        -----------\n        method: callable(WebDriver)\n            - A callable object that takes a WebDriver instance as an argument.\n    \n        message: str\n            - Optional message for :exc:`TimeoutException`\n    \n        Return:\n        -------\n        object: T\n            - The result of the last call to `method`\n    \n        Raises:\n        -------\n        TimeoutException\n            - If 'method' does not return a truthy value within the WebDriverWait\n            object's timeout\n    \n        Example:\n        --------\n        >>> from selenium.webdriver.common.by import By\n        >>> from selenium.webdriver.support.ui import WebDriverWait\n        >>> from selenium.webdriver.support import expected_conditions as EC\n    \n        # Wait until an element is visible on the page\n        >>> wait = WebDriverWait(driver, 10)\n        >>> element = wait.until(EC.visibility_of_element_located((By.ID, \"exampleId\")))\n        >>> print(element.text)\n        \"\"\"\n        screen = None\n        stacktrace = None\n    \n        end_time = time.monotonic() + self._timeout\n        while True:\n            try:\n                value = method(self._driver)\n                if value:\n                    return value\n            except self._ignored_exceptions as exc:\n                screen = getattr(exc, \"screen\", None)\n                stacktrace = getattr(exc, \"stacktrace\", None)\n            if time.monotonic() > end_time:\n                break\n            time.sleep(self._poll)\n>       raise TimeoutException(message, screen, stacktrace)\nE       selenium.common.exceptions.TimeoutException: Message: Номер заказа не обновился\n\n/Library/Frameworks/Python.framework/Versions/3.12/lib/python3.12/site-packages/selenium/webdriver/support/wait.py:146: TimeoutException","steps":[{"name":"Открытие страницы: https://stellarburgers.nomoreparties.site/feed","time":{"start":1746893562738,"stop":1746893563558,"duration":820},"status":"passed","steps":[{"name":"Проверить, что страница открыта по URL: https://stellarburgers.nomoreparties.site/feed","time":{"start":1746893563557,"stop":1746893563558,"duration":1},"status":"passed","steps":[],"attachments":[],"parameters":[],"stepsCount":0,"hasContent":false,"shouldDisplayMessage":false,"attachmentsCount":0,"attachmentStep":false}],"attachments":[],"parameters":[],"stepsCount":1,"hasContent":true,"shouldDisplayMessage":false,"attachmentsCount":0,"attachmentStep":false},{"name":"Получение количества заказов, выполненных сегодня","time":{"start":1746893563558,"stop":1746893565607,"duration":2049},"status":"passed","steps":[{"name":"Получение текста элемента: ('xpath', '//p[text()=\"Выполнено за сегодня:\"]/following-sibling::p')","time":{"start":1746893563558,"stop":1746893565607,"duration":2049},"status":"passed","steps":[{"name":"Ожидание видимости элемента: ('xpath', '//p[text()=\"Выполнено за сегодня:\"]/following-sibling::p')","time":{"start":1746893563558,"stop":1746893565602,"duration":2044},"status":"passed","steps":[],"attachments":[],"parameters":[],"stepsCount":0,"hasContent":false,"shouldDisplayMessage":false,"attachmentsCount":0,"attachmentStep":false}],"attachments":[],"parameters":[],"stepsCount":1,"hasContent":true,"shouldDisplayMessage":false,"attachmentsCount":0,"attachmentStep":false}],"attachments":[],"parameters":[],"stepsCount":2,"hasContent":true,"shouldDisplayMessage":false,"attachmentsCount":0,"attachmentStep":false}],"attachments":[],"parameters":[],"stepsCount":5,"hasContent":true,"shouldDisplayMessage":true,"attachmentsCount":0,"attachmentStep":false},"afterStages":[{"name":"login_user::0","time":{"start":1746893577925,"stop":1746893579588,"duration":1663},"status":"passed","steps":[{"name":"Удаление тестового пользователя","time":{"start":1746893577925,"stop":1746893579588,"duration":1663},"status":"passed","steps":[],"attachments":[],"parameters":[],"stepsCount":0,"hasContent":false,"shouldDisplayMessage":false,"attachmentsCount":0,"attachmentStep":false}],"attachments":[],"parameters":[],"stepsCount":1,"hasContent":true,"shouldDisplayMessage":false,"attachmentsCount":0,"attachmentStep":false},{"name":"driver::0","time":{"start":1746893579589,"stop":1746893580070,"duration":481},"status":"passed","steps":[{"name":"Закрытие браузера","time":{"start":1746893579589,"stop":1746893580070,"duration":481},"status":"passed","steps":[],"attachments":[],"parameters":[],"stepsCount":0,"hasContent":false,"shouldDisplayMessage":false,"attachmentsCount":0,"attachmentStep":false}],"attachments":[],"parameters":[],"stepsCount":1,"hasContent":true,"shouldDisplayMessage":false,"attachmentsCount":0,"attachmentStep":false}],"labels":[{"name":"feature","value":"Лента заказов"},{"name":"parentSuite","value":"tests"},{"name":"suite","value":"test_order_feed"},{"name":"subSuite","value":"TestOrderFeed"},{"name":"host","value":"MacBook-Pro-George.local"},{"name":"thread","value":"50560-MainThread"},{"name":"framework","value":"pytest"},{"name":"language","value":"cpython3"},{"name":"package","value":"tests.test_order_feed"},{"name":"resultFormat","value":"allure2"}],"parameters":[{"name":"driver","value":"'firefox'"}],"links":[],"hidden":false,"retry":false,"extra":{"severity":"normal","retries":[],"categories":[{"name":"Test defects","matchedStatuses":[]}],"tags":[]},"source":"105b2ed39b43a99a.json","parameterValues":["'firefox'"]}